<?xml version="1.0" encoding="UTF-8"?>
<testng-results ignored="0" total="1" passed="1" failed="0" skipped="0">
  <reporter-output>
  </reporter-output>
  <suite started-at="2024-07-10T09:17:36 IST" name="Default suite" finished-at="2024-07-10T09:17:36 IST" duration-ms="792">
    <groups>
    </groups>
    <test started-at="2024-07-10T09:17:36 IST" name="Default test" finished-at="2024-07-10T09:17:36 IST" duration-ms="792">
      <class name="base.Data">
        <test-method signature="data()[pri:0, instance:base.Data@28eaa59a]" started-at="2024-07-10T09:17:36 IST" name="data" finished-at="2024-07-10T09:17:36 IST" duration-ms="741" status="PASS">
          <reporter-output>
          </reporter-output>
        </test-method> <!-- data -->
      </class> <!-- base.Data -->
    </test> <!-- Default test -->
  </suite> <!-- Default suite -->
</testng-results>
